<?xml version="1.0" encoding="UTF-8"?>
<testng-results skipped="0" failed="0" ignored="0" total="1" passed="1">
  <reporter-output>
  </reporter-output>
  <suite name="Suite" duration-ms="17330" started-at="2020-11-17T13:01:43 IST" finished-at="2020-11-17T13:02:01 IST">
    <groups>
    </groups>
    <test name="Test" duration-ms="17330" started-at="2020-11-17T13:01:43 IST" finished-at="2020-11-17T13:02:01 IST">
      <class name="com.qatechhub.tests.ContactUsTests">
        <test-method status="PASS" signature="setup(java.lang.String)[pri:0, instance:com.qatechhub.tests.ContactUsTests@6c49835d]" name="setup" is-config="true" duration-ms="13721" started-at="2020-11-17T13:01:43 IST" finished-at="2020-11-17T13:01:57 IST">
          <params>
            <param index="0">
              <value>
                <![CDATA[chrome]]>
              </value>
            </param>
          </params>
          <reporter-output>
          </reporter-output>
        </test-method> <!-- setup -->
        <test-method status="PASS" signature="verifyContactUsForm()[pri:0, instance:com.qatechhub.tests.ContactUsTests@6c49835d]" name="verifyContactUsForm" duration-ms="2374" started-at="2020-11-17T13:01:57 IST" finished-at="2020-11-17T13:02:00 IST">
          <reporter-output>
          </reporter-output>
        </test-method> <!-- verifyContactUsForm -->
        <test-method status="PASS" signature="cleanUp()[pri:0, instance:com.qatechhub.tests.ContactUsTests@6c49835d]" name="cleanUp" is-config="true" duration-ms="1154" started-at="2020-11-17T13:02:00 IST" finished-at="2020-11-17T13:02:01 IST">
          <reporter-output>
          </reporter-output>
        </test-method> <!-- cleanUp -->
      </class> <!-- com.qatechhub.tests.ContactUsTests -->
    </test> <!-- Test -->
  </suite> <!-- Suite -->
</testng-results>
